#! /c/Source/iverilog-install/bin/vvp
:ivl_version "12.0 (devel)" "(s20150603-1539-g2693dd32b)";
:ivl_delay_selection "TYPICAL";
:vpi_time_precision - 12;
:vpi_module "C:\iverilog\lib\ivl\system.vpi";
:vpi_module "C:\iverilog\lib\ivl\vhdl_sys.vpi";
:vpi_module "C:\iverilog\lib\ivl\vhdl_textio.vpi";
:vpi_module "C:\iverilog\lib\ivl\v2005_math.vpi";
:vpi_module "C:\iverilog\lib\ivl\va_math.vpi";
S_000001e0dfd64ed0 .scope module, "tb_bitwise_multiply" "tb_bitwise_multiply" 2 93;
 .timescale -9 -12;
v000001e0dfdcb160_0 .var "a", 31 0;
v000001e0dfdcbfc0_0 .var "b", 31 0;
v000001e0dfdcb480_0 .var "clk", 0 0;
v000001e0dfdccd80_0 .var/i "error_flag", 31 0;
v000001e0dfdcc600_0 .var/i "file", 31 0;
v000001e0dfdccf60_0 .var/i "file_py", 31 0;
v000001e0dfdcbe80_0 .var/i "file_v", 31 0;
v000001e0dfdcba20_0 .var/i "flag", 31 0;
v000001e0dfdcb3e0_0 .var/i "i", 31 0;
v000001e0dfdccb00_0 .var/i "j", 31 0;
v000001e0dfdcb5c0_0 .var "line1", 63 0;
v000001e0dfdcbd40_0 .var "line2", 63 0;
v000001e0dfdcc240_0 .net "result", 63 0, v000001e0dfdcc4c0_0;  1 drivers
v000001e0dfdcc2e0_0 .var/i "ret1", 31 0;
v000001e0dfdcc6a0_0 .var/i "ret2", 31 0;
v000001e0dfdcbde0_0 .var "rstn", 0 0;
S_000001e0dfd676f0 .scope module, "uut" "bitwise_multiply" 2 100, 2 3 0, S_000001e0dfd64ed0;
 .timescale -9 -12;
    .port_info 0 /INPUT 1 "clk";
    .port_info 1 /INPUT 1 "rstn";
    .port_info 2 /INPUT 32 "a";
    .port_info 3 /INPUT 32 "b";
    .port_info 4 /OUTPUT 64 "result";
v000001e0dfd592a0_0 .net *"_ivl_1", 0 0, L_000001e0dfdcc560;  1 drivers
v000001e0dfd57ea0_0 .net *"_ivl_10", 30 0, L_000001e0dfdccc40;  1 drivers
v000001e0dfd58c60_0 .net *"_ivl_103", 0 0, L_000001e0e0168cd0;  1 drivers
v000001e0dfd59020_0 .net *"_ivl_104", 31 0, L_000001e0e0169270;  1 drivers
v000001e0dfd593e0_0 .net *"_ivl_106", 22 0, L_000001e0e01691d0;  1 drivers
L_000001e0e0110550 .functor BUFT 1, C4<000000000>, C4<0>, C4<0>, C4<0>;
v000001e0dfd597a0_0 .net *"_ivl_108", 8 0, L_000001e0e0110550;  1 drivers
L_000001e0e0110598 .functor BUFT 1, C4<00000000000000000000000000000000>, C4<0>, C4<0>, C4<0>;
v000001e0dfd58a80_0 .net/2u *"_ivl_110", 31 0, L_000001e0e0110598;  1 drivers
v000001e0dfd59480_0 .net *"_ivl_115", 0 0, L_000001e0e01696d0;  1 drivers
v000001e0dfd59520_0 .net *"_ivl_116", 31 0, L_000001e0e0168f50;  1 drivers
v000001e0dfd58620_0 .net *"_ivl_118", 21 0, L_000001e0e0169770;  1 drivers
L_000001e0e01100d0 .functor BUFT 1, C4<0>, C4<0>, C4<0>, C4<0>;
v000001e0dfd581c0_0 .net *"_ivl_12", 0 0, L_000001e0e01100d0;  1 drivers
L_000001e0e01105e0 .functor BUFT 1, C4<0000000000>, C4<0>, C4<0>, C4<0>;
v000001e0dfd58ee0_0 .net *"_ivl_120", 9 0, L_000001e0e01105e0;  1 drivers
L_000001e0e0110628 .functor BUFT 1, C4<00000000000000000000000000000000>, C4<0>, C4<0>, C4<0>;
v000001e0dfd595c0_0 .net/2u *"_ivl_122", 31 0, L_000001e0e0110628;  1 drivers
v000001e0dfd58d00_0 .net *"_ivl_127", 0 0, L_000001e0e0168af0;  1 drivers
v000001e0dfd57fe0_0 .net *"_ivl_128", 31 0, L_000001e0e01682d0;  1 drivers
v000001e0dfd58300_0 .net *"_ivl_130", 20 0, L_000001e0e0169310;  1 drivers
L_000001e0e0110670 .functor BUFT 1, C4<00000000000>, C4<0>, C4<0>, C4<0>;
v000001e0dfd588a0_0 .net *"_ivl_132", 10 0, L_000001e0e0110670;  1 drivers
L_000001e0e01106b8 .functor BUFT 1, C4<00000000000000000000000000000000>, C4<0>, C4<0>, C4<0>;
v000001e0dfd59160_0 .net/2u *"_ivl_134", 31 0, L_000001e0e01106b8;  1 drivers
v000001e0dfd584e0_0 .net *"_ivl_139", 0 0, L_000001e0e0169a90;  1 drivers
L_000001e0e0110118 .functor BUFT 1, C4<00000000000000000000000000000000>, C4<0>, C4<0>, C4<0>;
v000001e0dfd59200_0 .net/2u *"_ivl_14", 31 0, L_000001e0e0110118;  1 drivers
v000001e0dfd57ae0_0 .net *"_ivl_140", 31 0, L_000001e0e0169450;  1 drivers
v000001e0dfd58940_0 .net *"_ivl_142", 19 0, L_000001e0e0169810;  1 drivers
L_000001e0e0110700 .functor BUFT 1, C4<000000000000>, C4<0>, C4<0>, C4<0>;
v000001e0dfd583a0_0 .net *"_ivl_144", 11 0, L_000001e0e0110700;  1 drivers
L_000001e0e0110748 .functor BUFT 1, C4<00000000000000000000000000000000>, C4<0>, C4<0>, C4<0>;
v000001e0dfd58440_0 .net/2u *"_ivl_146", 31 0, L_000001e0e0110748;  1 drivers
v000001e0dfd57a40_0 .net *"_ivl_151", 0 0, L_000001e0e0169d10;  1 drivers
v000001e0dfd59660_0 .net *"_ivl_152", 31 0, L_000001e0e0168910;  1 drivers
v000001e0dfd58580_0 .net *"_ivl_154", 18 0, L_000001e0e0169b30;  1 drivers
L_000001e0e0110790 .functor BUFT 1, C4<0000000000000>, C4<0>, C4<0>, C4<0>;
v000001e0dfd59700_0 .net *"_ivl_156", 12 0, L_000001e0e0110790;  1 drivers
L_000001e0e01107d8 .functor BUFT 1, C4<00000000000000000000000000000000>, C4<0>, C4<0>, C4<0>;
v000001e0dfd59840_0 .net/2u *"_ivl_158", 31 0, L_000001e0e01107d8;  1 drivers
v000001e0dfd57b80_0 .net *"_ivl_163", 0 0, L_000001e0e0168690;  1 drivers
v000001e0dfd57c20_0 .net *"_ivl_164", 31 0, L_000001e0e01687d0;  1 drivers
v000001e0dfd57d60_0 .net *"_ivl_166", 17 0, L_000001e0e0169bd0;  1 drivers
L_000001e0e0110820 .functor BUFT 1, C4<00000000000000>, C4<0>, C4<0>, C4<0>;
v000001e0dfdbd1e0_0 .net *"_ivl_168", 13 0, L_000001e0e0110820;  1 drivers
L_000001e0e0110868 .functor BUFT 1, C4<00000000000000000000000000000000>, C4<0>, C4<0>, C4<0>;
v000001e0dfdbdd20_0 .net/2u *"_ivl_170", 31 0, L_000001e0e0110868;  1 drivers
v000001e0dfdbd500_0 .net *"_ivl_175", 0 0, L_000001e0e01689b0;  1 drivers
v000001e0dfdbce20_0 .net *"_ivl_176", 31 0, L_000001e0e0169c70;  1 drivers
v000001e0dfdbc560_0 .net *"_ivl_178", 16 0, L_000001e0e0168eb0;  1 drivers
L_000001e0e01108b0 .functor BUFT 1, C4<000000000000000>, C4<0>, C4<0>, C4<0>;
v000001e0dfdbc9c0_0 .net *"_ivl_180", 14 0, L_000001e0e01108b0;  1 drivers
L_000001e0e01108f8 .functor BUFT 1, C4<00000000000000000000000000000000>, C4<0>, C4<0>, C4<0>;
v000001e0dfdbc240_0 .net/2u *"_ivl_182", 31 0, L_000001e0e01108f8;  1 drivers
v000001e0dfdbd3c0_0 .net *"_ivl_187", 0 0, L_000001e0e0169090;  1 drivers
v000001e0dfdbc4c0_0 .net *"_ivl_188", 31 0, L_000001e0e0168370;  1 drivers
v000001e0dfdbd8c0_0 .net *"_ivl_19", 0 0, L_000001e0dfdcce20;  1 drivers
v000001e0dfdbd960_0 .net *"_ivl_190", 15 0, L_000001e0e01680f0;  1 drivers
L_000001e0e0110940 .functor BUFT 1, C4<0000000000000000>, C4<0>, C4<0>, C4<0>;
v000001e0dfdbd280_0 .net *"_ivl_192", 15 0, L_000001e0e0110940;  1 drivers
L_000001e0e0110988 .functor BUFT 1, C4<00000000000000000000000000000000>, C4<0>, C4<0>, C4<0>;
v000001e0dfdbda00_0 .net/2u *"_ivl_194", 31 0, L_000001e0e0110988;  1 drivers
v000001e0dfdbc2e0_0 .net *"_ivl_199", 0 0, L_000001e0e0168410;  1 drivers
L_000001e0e0110088 .functor BUFT 1, C4<00000000000000000000000000000000>, C4<0>, C4<0>, C4<0>;
v000001e0dfdbcb00_0 .net/2u *"_ivl_2", 31 0, L_000001e0e0110088;  1 drivers
v000001e0dfdbd0a0_0 .net *"_ivl_20", 31 0, L_000001e0dfdcbf20;  1 drivers
v000001e0dfdbd140_0 .net *"_ivl_200", 31 0, L_000001e0e0169e50;  1 drivers
v000001e0dfdbd460_0 .net *"_ivl_202", 14 0, L_000001e0e0168870;  1 drivers
L_000001e0e01109d0 .functor BUFT 1, C4<00000000000000000>, C4<0>, C4<0>, C4<0>;
v000001e0dfdbcba0_0 .net *"_ivl_204", 16 0, L_000001e0e01109d0;  1 drivers
L_000001e0e0110a18 .functor BUFT 1, C4<00000000000000000000000000000000>, C4<0>, C4<0>, C4<0>;
v000001e0dfdbd320_0 .net/2u *"_ivl_206", 31 0, L_000001e0e0110a18;  1 drivers
v000001e0dfdbd5a0_0 .net *"_ivl_211", 0 0, L_000001e0e0168a50;  1 drivers
v000001e0dfdbdaa0_0 .net *"_ivl_212", 31 0, L_000001e0e016aa30;  1 drivers
v000001e0dfdbc740_0 .net *"_ivl_214", 13 0, L_000001e0e0168c30;  1 drivers
L_000001e0e0110a60 .functor BUFT 1, C4<000000000000000000>, C4<0>, C4<0>, C4<0>;
v000001e0dfdbc7e0_0 .net *"_ivl_216", 17 0, L_000001e0e0110a60;  1 drivers
L_000001e0e0110aa8 .functor BUFT 1, C4<00000000000000000000000000000000>, C4<0>, C4<0>, C4<0>;
v000001e0dfdbd6e0_0 .net/2u *"_ivl_218", 31 0, L_000001e0e0110aa8;  1 drivers
v000001e0dfdbcc40_0 .net *"_ivl_22", 29 0, L_000001e0dfdcb7a0;  1 drivers
v000001e0dfdbd640_0 .net *"_ivl_223", 0 0, L_000001e0e016aad0;  1 drivers
v000001e0dfdbd780_0 .net *"_ivl_224", 31 0, L_000001e0e016b930;  1 drivers
v000001e0dfdbd820_0 .net *"_ivl_226", 12 0, L_000001e0e016b250;  1 drivers
L_000001e0e0110af0 .functor BUFT 1, C4<0000000000000000000>, C4<0>, C4<0>, C4<0>;
v000001e0dfdbc100_0 .net *"_ivl_228", 18 0, L_000001e0e0110af0;  1 drivers
L_000001e0e0110b38 .functor BUFT 1, C4<00000000000000000000000000000000>, C4<0>, C4<0>, C4<0>;
v000001e0dfdbdb40_0 .net/2u *"_ivl_230", 31 0, L_000001e0e0110b38;  1 drivers
v000001e0dfdbc1a0_0 .net *"_ivl_235", 0 0, L_000001e0e016b070;  1 drivers
v000001e0dfdbdbe0_0 .net *"_ivl_236", 31 0, L_000001e0e016af30;  1 drivers
v000001e0dfdbdc80_0 .net *"_ivl_238", 11 0, L_000001e0e016c510;  1 drivers
L_000001e0e0110160 .functor BUFT 1, C4<00>, C4<0>, C4<0>, C4<0>;
v000001e0dfdbcce0_0 .net *"_ivl_24", 1 0, L_000001e0e0110160;  1 drivers
L_000001e0e0110b80 .functor BUFT 1, C4<00000000000000000000>, C4<0>, C4<0>, C4<0>;
v000001e0dfdbc600_0 .net *"_ivl_240", 19 0, L_000001e0e0110b80;  1 drivers
L_000001e0e0110bc8 .functor BUFT 1, C4<00000000000000000000000000000000>, C4<0>, C4<0>, C4<0>;
v000001e0dfdbcec0_0 .net/2u *"_ivl_242", 31 0, L_000001e0e0110bc8;  1 drivers
v000001e0dfdbcf60_0 .net *"_ivl_247", 0 0, L_000001e0e016b110;  1 drivers
v000001e0dfdbddc0_0 .net *"_ivl_248", 31 0, L_000001e0e016bf70;  1 drivers
v000001e0dfdbc880_0 .net *"_ivl_250", 10 0, L_000001e0e016adf0;  1 drivers
L_000001e0e0110c10 .functor BUFT 1, C4<000000000000000000000>, C4<0>, C4<0>, C4<0>;
v000001e0dfdbcd80_0 .net *"_ivl_252", 20 0, L_000001e0e0110c10;  1 drivers
L_000001e0e0110c58 .functor BUFT 1, C4<00000000000000000000000000000000>, C4<0>, C4<0>, C4<0>;
v000001e0dfdbc6a0_0 .net/2u *"_ivl_254", 31 0, L_000001e0e0110c58;  1 drivers
v000001e0dfdbc380_0 .net *"_ivl_259", 0 0, L_000001e0e016b570;  1 drivers
L_000001e0e01101a8 .functor BUFT 1, C4<00000000000000000000000000000000>, C4<0>, C4<0>, C4<0>;
v000001e0dfdbde60_0 .net/2u *"_ivl_26", 31 0, L_000001e0e01101a8;  1 drivers
v000001e0dfdbc920_0 .net *"_ivl_260", 31 0, L_000001e0e016b1b0;  1 drivers
v000001e0dfdbca60_0 .net *"_ivl_262", 9 0, L_000001e0e016ab70;  1 drivers
L_000001e0e0110ca0 .functor BUFT 1, C4<0000000000000000000000>, C4<0>, C4<0>, C4<0>;
v000001e0dfdbdf00_0 .net *"_ivl_264", 21 0, L_000001e0e0110ca0;  1 drivers
L_000001e0e0110ce8 .functor BUFT 1, C4<00000000000000000000000000000000>, C4<0>, C4<0>, C4<0>;
v000001e0dfdbc060_0 .net/2u *"_ivl_266", 31 0, L_000001e0e0110ce8;  1 drivers
v000001e0dfdbd000_0 .net *"_ivl_271", 0 0, L_000001e0e016c470;  1 drivers
v000001e0dfdbc420_0 .net *"_ivl_272", 31 0, L_000001e0e016a530;  1 drivers
v000001e0dfdbfaa0_0 .net *"_ivl_274", 8 0, L_000001e0e016b2f0;  1 drivers
L_000001e0e0110d30 .functor BUFT 1, C4<00000000000000000000000>, C4<0>, C4<0>, C4<0>;
v000001e0dfdbeba0_0 .net *"_ivl_276", 22 0, L_000001e0e0110d30;  1 drivers
L_000001e0e0110d78 .functor BUFT 1, C4<00000000000000000000000000000000>, C4<0>, C4<0>, C4<0>;
v000001e0dfdbeec0_0 .net/2u *"_ivl_278", 31 0, L_000001e0e0110d78;  1 drivers
v000001e0dfdbf000_0 .net *"_ivl_283", 0 0, L_000001e0e016cab0;  1 drivers
v000001e0dfdbe880_0 .net *"_ivl_284", 31 0, L_000001e0e016c010;  1 drivers
v000001e0dfdbf5a0_0 .net *"_ivl_286", 7 0, L_000001e0e016b390;  1 drivers
L_000001e0e0110dc0 .functor BUFT 1, C4<000000000000000000000000>, C4<0>, C4<0>, C4<0>;
v000001e0dfdbf320_0 .net *"_ivl_288", 23 0, L_000001e0e0110dc0;  1 drivers
L_000001e0e0110e08 .functor BUFT 1, C4<00000000000000000000000000000000>, C4<0>, C4<0>, C4<0>;
v000001e0dfdbf820_0 .net/2u *"_ivl_290", 31 0, L_000001e0e0110e08;  1 drivers
v000001e0dfdbed80_0 .net *"_ivl_295", 0 0, L_000001e0e016bed0;  1 drivers
v000001e0dfdbe920_0 .net *"_ivl_296", 31 0, L_000001e0e016ba70;  1 drivers
v000001e0dfdc00e0_0 .net *"_ivl_298", 6 0, L_000001e0e016b430;  1 drivers
L_000001e0e0110e50 .functor BUFT 1, C4<0000000000000000000000000>, C4<0>, C4<0>, C4<0>;
v000001e0dfdbf140_0 .net *"_ivl_300", 24 0, L_000001e0e0110e50;  1 drivers
L_000001e0e0110e98 .functor BUFT 1, C4<00000000000000000000000000000000>, C4<0>, C4<0>, C4<0>;
v000001e0dfdbf3c0_0 .net/2u *"_ivl_302", 31 0, L_000001e0e0110e98;  1 drivers
v000001e0dfdbf640_0 .net *"_ivl_307", 0 0, L_000001e0e016bbb0;  1 drivers
v000001e0dfdbf460_0 .net *"_ivl_308", 31 0, L_000001e0e016c1f0;  1 drivers
v000001e0dfdbf500_0 .net *"_ivl_31", 0 0, L_000001e0dfdcb200;  1 drivers
v000001e0dfdbf1e0_0 .net *"_ivl_310", 5 0, L_000001e0e016b4d0;  1 drivers
L_000001e0e0110ee0 .functor BUFT 1, C4<00000000000000000000000000>, C4<0>, C4<0>, C4<0>;
v000001e0dfdbec40_0 .net *"_ivl_312", 25 0, L_000001e0e0110ee0;  1 drivers
L_000001e0e0110f28 .functor BUFT 1, C4<00000000000000000000000000000000>, C4<0>, C4<0>, C4<0>;
v000001e0dfdc0180_0 .net/2u *"_ivl_314", 31 0, L_000001e0e0110f28;  1 drivers
v000001e0dfdbfdc0_0 .net *"_ivl_319", 0 0, L_000001e0e016b610;  1 drivers
v000001e0dfdbf6e0_0 .net *"_ivl_32", 31 0, L_000001e0dfdcbac0;  1 drivers
v000001e0dfdbffa0_0 .net *"_ivl_320", 31 0, L_000001e0e016bc50;  1 drivers
v000001e0dfdbf780_0 .net *"_ivl_322", 4 0, L_000001e0e016c5b0;  1 drivers
L_000001e0e0110f70 .functor BUFT 1, C4<000000000000000000000000000>, C4<0>, C4<0>, C4<0>;
v000001e0dfdbf8c0_0 .net *"_ivl_324", 26 0, L_000001e0e0110f70;  1 drivers
L_000001e0e0110fb8 .functor BUFT 1, C4<00000000000000000000000000000000>, C4<0>, C4<0>, C4<0>;
v000001e0dfdbece0_0 .net/2u *"_ivl_326", 31 0, L_000001e0e0110fb8;  1 drivers
v000001e0dfdc0540_0 .net *"_ivl_331", 0 0, L_000001e0e016bb10;  1 drivers
v000001e0dfdbfe60_0 .net *"_ivl_332", 31 0, L_000001e0e016c290;  1 drivers
v000001e0dfdbea60_0 .net *"_ivl_334", 3 0, L_000001e0e016c8d0;  1 drivers
L_000001e0e0111000 .functor BUFT 1, C4<0000000000000000000000000000>, C4<0>, C4<0>, C4<0>;
v000001e0dfdbf960_0 .net *"_ivl_336", 27 0, L_000001e0e0111000;  1 drivers
L_000001e0e0111048 .functor BUFT 1, C4<00000000000000000000000000000000>, C4<0>, C4<0>, C4<0>;
v000001e0dfdbff00_0 .net/2u *"_ivl_338", 31 0, L_000001e0e0111048;  1 drivers
v000001e0dfdbf0a0_0 .net *"_ivl_34", 28 0, L_000001e0dfdcb2a0;  1 drivers
v000001e0dfdbee20_0 .net *"_ivl_343", 0 0, L_000001e0e016b750;  1 drivers
v000001e0dfdc0040_0 .net *"_ivl_344", 31 0, L_000001e0e016b9d0;  1 drivers
v000001e0dfdbfd20_0 .net *"_ivl_346", 2 0, L_000001e0e016c790;  1 drivers
L_000001e0e0111090 .functor BUFT 1, C4<00000000000000000000000000000>, C4<0>, C4<0>, C4<0>;
v000001e0dfdbfa00_0 .net *"_ivl_348", 28 0, L_000001e0e0111090;  1 drivers
L_000001e0e01110d8 .functor BUFT 1, C4<00000000000000000000000000000000>, C4<0>, C4<0>, C4<0>;
v000001e0dfdbfb40_0 .net/2u *"_ivl_350", 31 0, L_000001e0e01110d8;  1 drivers
v000001e0dfdc0720_0 .net *"_ivl_355", 0 0, L_000001e0e016b7f0;  1 drivers
v000001e0dfdbef60_0 .net *"_ivl_356", 31 0, L_000001e0e016c6f0;  1 drivers
v000001e0dfdc05e0_0 .net *"_ivl_358", 1 0, L_000001e0e016a850;  1 drivers
L_000001e0e01101f0 .functor BUFT 1, C4<000>, C4<0>, C4<0>, C4<0>;
v000001e0dfdbe9c0_0 .net *"_ivl_36", 2 0, L_000001e0e01101f0;  1 drivers
L_000001e0e0111120 .functor BUFT 1, C4<000000000000000000000000000000>, C4<0>, C4<0>, C4<0>;
v000001e0dfdbeb00_0 .net *"_ivl_360", 29 0, L_000001e0e0111120;  1 drivers
L_000001e0e0111168 .functor BUFT 1, C4<00000000000000000000000000000000>, C4<0>, C4<0>, C4<0>;
v000001e0dfdbfbe0_0 .net/2u *"_ivl_362", 31 0, L_000001e0e0111168;  1 drivers
v000001e0dfdbf280_0 .net *"_ivl_367", 0 0, L_000001e0e016bd90;  1 drivers
v000001e0dfdbfc80_0 .net *"_ivl_368", 31 0, L_000001e0e016bcf0;  1 drivers
v000001e0dfdc0220_0 .net *"_ivl_370", 0 0, L_000001e0e016c330;  1 drivers
L_000001e0e01111b0 .functor BUFT 1, C4<0000000000000000000000000000000>, C4<0>, C4<0>, C4<0>;
v000001e0dfdc02c0_0 .net *"_ivl_372", 30 0, L_000001e0e01111b0;  1 drivers
L_000001e0e01111f8 .functor BUFT 1, C4<00000000000000000000000000000000>, C4<0>, C4<0>, C4<0>;
v000001e0dfdc0360_0 .net/2u *"_ivl_374", 31 0, L_000001e0e01111f8;  1 drivers
L_000001e0e0110238 .functor BUFT 1, C4<00000000000000000000000000000000>, C4<0>, C4<0>, C4<0>;
v000001e0dfdc0680_0 .net/2u *"_ivl_38", 31 0, L_000001e0e0110238;  1 drivers
v000001e0dfdc0400_0 .net *"_ivl_43", 0 0, L_000001e0dfdcc7e0;  1 drivers
v000001e0dfdc04a0_0 .net *"_ivl_44", 31 0, L_000001e0dfdcb840;  1 drivers
v000001e0dfdca2d0_0 .net *"_ivl_46", 27 0, L_000001e0dfdcb340;  1 drivers
L_000001e0e0110280 .functor BUFT 1, C4<0000>, C4<0>, C4<0>, C4<0>;
v000001e0dfdc9a10_0 .net *"_ivl_48", 3 0, L_000001e0e0110280;  1 drivers
L_000001e0e01102c8 .functor BUFT 1, C4<00000000000000000000000000000000>, C4<0>, C4<0>, C4<0>;
v000001e0dfdc9f10_0 .net/2u *"_ivl_50", 31 0, L_000001e0e01102c8;  1 drivers
v000001e0dfdcaa50_0 .net *"_ivl_55", 0 0, L_000001e0dfdcc100;  1 drivers
v000001e0dfdc95b0_0 .net *"_ivl_56", 31 0, L_000001e0dfdcc880;  1 drivers
v000001e0dfdc9970_0 .net *"_ivl_58", 26 0, L_000001e0dfdcbc00;  1 drivers
L_000001e0e0110310 .functor BUFT 1, C4<00000>, C4<0>, C4<0>, C4<0>;
v000001e0dfdcaaf0_0 .net *"_ivl_60", 4 0, L_000001e0e0110310;  1 drivers
L_000001e0e0110358 .functor BUFT 1, C4<00000000000000000000000000000000>, C4<0>, C4<0>, C4<0>;
v000001e0dfdca0f0_0 .net/2u *"_ivl_62", 31 0, L_000001e0e0110358;  1 drivers
v000001e0dfdc98d0_0 .net *"_ivl_67", 0 0, L_000001e0e01698b0;  1 drivers
v000001e0dfdc96f0_0 .net *"_ivl_68", 31 0, L_000001e0e0169950;  1 drivers
v000001e0dfdc9150_0 .net *"_ivl_7", 0 0, L_000001e0dfdcc1a0;  1 drivers
v000001e0dfdc9650_0 .net *"_ivl_70", 25 0, L_000001e0e0168e10;  1 drivers
L_000001e0e01103a0 .functor BUFT 1, C4<000000>, C4<0>, C4<0>, C4<0>;
v000001e0dfdc9510_0 .net *"_ivl_72", 5 0, L_000001e0e01103a0;  1 drivers
L_000001e0e01103e8 .functor BUFT 1, C4<00000000000000000000000000000000>, C4<0>, C4<0>, C4<0>;
v000001e0dfdca690_0 .net/2u *"_ivl_74", 31 0, L_000001e0e01103e8;  1 drivers
v000001e0dfdc9790_0 .net *"_ivl_79", 0 0, L_000001e0e01694f0;  1 drivers
v000001e0dfdca050_0 .net *"_ivl_8", 31 0, L_000001e0dfdcc740;  1 drivers
v000001e0dfdca4b0_0 .net *"_ivl_80", 31 0, L_000001e0e01699f0;  1 drivers
v000001e0dfdca730_0 .net *"_ivl_82", 24 0, L_000001e0e0169590;  1 drivers
L_000001e0e0110430 .functor BUFT 1, C4<0000000>, C4<0>, C4<0>, C4<0>;
v000001e0dfdca190_0 .net *"_ivl_84", 6 0, L_000001e0e0110430;  1 drivers
L_000001e0e0110478 .functor BUFT 1, C4<00000000000000000000000000000000>, C4<0>, C4<0>, C4<0>;
v000001e0dfdca9b0_0 .net/2u *"_ivl_86", 31 0, L_000001e0e0110478;  1 drivers
v000001e0dfdca370_0 .net *"_ivl_91", 0 0, L_000001e0e0168d70;  1 drivers
v000001e0dfdc93d0_0 .net *"_ivl_92", 31 0, L_000001e0e0168730;  1 drivers
v000001e0dfdc9830_0 .net *"_ivl_94", 23 0, L_000001e0e0168550;  1 drivers
L_000001e0e01104c0 .functor BUFT 1, C4<00000000>, C4<0>, C4<0>, C4<0>;
v000001e0dfdc9ab0_0 .net *"_ivl_96", 7 0, L_000001e0e01104c0;  1 drivers
L_000001e0e0110508 .functor BUFT 1, C4<00000000000000000000000000000000>, C4<0>, C4<0>, C4<0>;
v000001e0dfdc90b0_0 .net/2u *"_ivl_98", 31 0, L_000001e0e0110508;  1 drivers
v000001e0dfdc9e70_0 .net "a", 31 0, v000001e0dfdcb160_0;  1 drivers
v000001e0dfdc9bf0_0 .net "b", 31 0, v000001e0dfdcbfc0_0;  1 drivers
v000001e0dfdca230_0 .net "clk", 0 0, v000001e0dfdcb480_0;  1 drivers
v000001e0dfdc9fb0_0 .net "res0", 31 0, L_000001e0dfdccba0;  1 drivers
v000001e0dfdcab90_0 .net "res1", 31 0, L_000001e0dfdcb660;  1 drivers
v000001e0dfdcac30_0 .net "res10", 31 0, L_000001e0e01693b0;  1 drivers
v000001e0dfdca410_0 .net "res11", 31 0, L_000001e0e0168ff0;  1 drivers
v000001e0dfdc9b50_0 .net "res12", 31 0, L_000001e0e01685f0;  1 drivers
v000001e0dfdca5f0_0 .net "res13", 31 0, L_000001e0e0168190;  1 drivers
v000001e0dfdc91f0_0 .net "res14", 31 0, L_000001e0e0169ef0;  1 drivers
v000001e0dfdc9290_0 .net "res15", 31 0, L_000001e0e0168230;  1 drivers
v000001e0dfdca550_0 .net "res16", 31 0, L_000001e0e0169db0;  1 drivers
v000001e0dfdca7d0_0 .net "res17", 31 0, L_000001e0e0169f90;  1 drivers
v000001e0dfdcacd0_0 .net "res18", 31 0, L_000001e0e016c830;  1 drivers
v000001e0dfdcae10_0 .net "res19", 31 0, L_000001e0e016ad50;  1 drivers
v000001e0dfdc9c90_0 .net "res2", 31 0, L_000001e0dfdccec0;  1 drivers
v000001e0dfdcad70_0 .net "res20", 31 0, L_000001e0e016afd0;  1 drivers
v000001e0dfdc9d30_0 .net "res21", 31 0, L_000001e0e016c150;  1 drivers
v000001e0dfdca870_0 .net "res22", 31 0, L_000001e0e016be30;  1 drivers
v000001e0dfdca910_0 .net "res23", 31 0, L_000001e0e016cb50;  1 drivers
v000001e0dfdc9dd0_0 .net "res24", 31 0, L_000001e0e016ac10;  1 drivers
v000001e0dfdcaeb0_0 .net "res25", 31 0, L_000001e0e016c0b0;  1 drivers
v000001e0dfdcaf50_0 .net "res26", 31 0, L_000001e0e016acb0;  1 drivers
v000001e0dfdc9330_0 .net "res27", 31 0, L_000001e0e016c650;  1 drivers
v000001e0dfdc9470_0 .net "res28", 31 0, L_000001e0e016b6b0;  1 drivers
v000001e0dfdcc060_0 .net "res29", 31 0, L_000001e0e016ae90;  1 drivers
v000001e0dfdcbca0_0 .net "res3", 31 0, L_000001e0dfdcc920;  1 drivers
v000001e0dfdcb700_0 .net "res30", 31 0, L_000001e0e016b890;  1 drivers
v000001e0dfdcb520_0 .net "res31", 31 0, L_000001e0e016c3d0;  1 drivers
v000001e0dfdcb0c0_0 .net "res4", 31 0, L_000001e0dfdcbb60;  1 drivers
v000001e0dfdcca60_0 .net "res5", 31 0, L_000001e0dfdcc9c0;  1 drivers
v000001e0dfdcb8e0_0 .net "res6", 31 0, L_000001e0e0169130;  1 drivers
v000001e0dfdcc380_0 .net "res7", 31 0, L_000001e0e01684b0;  1 drivers
v000001e0dfdcb980_0 .net "res8", 31 0, L_000001e0e0169630;  1 drivers
v000001e0dfdcc420_0 .net "res9", 31 0, L_000001e0e0168b90;  1 drivers
v000001e0dfdcc4c0_0 .var "result", 63 0;
v000001e0dfdccce0_0 .net "rstn", 0 0, v000001e0dfdcbde0_0;  1 drivers
E_000001e0dfd618d0 .event posedge, v000001e0dfdca230_0;
L_000001e0dfdcc560 .part v000001e0dfdcbfc0_0, 0, 1;
L_000001e0dfdccba0 .functor MUXZ 32, L_000001e0e0110088, v000001e0dfdcb160_0, L_000001e0dfdcc560, C4<>;
L_000001e0dfdcc1a0 .part v000001e0dfdcbfc0_0, 1, 1;
L_000001e0dfdccc40 .part v000001e0dfdcb160_0, 0, 31;
L_000001e0dfdcc740 .concat [ 1 31 0 0], L_000001e0e01100d0, L_000001e0dfdccc40;
L_000001e0dfdcb660 .functor MUXZ 32, L_000001e0e0110118, L_000001e0dfdcc740, L_000001e0dfdcc1a0, C4<>;
L_000001e0dfdcce20 .part v000001e0dfdcbfc0_0, 2, 1;
L_000001e0dfdcb7a0 .part v000001e0dfdcb160_0, 0, 30;
L_000001e0dfdcbf20 .concat [ 2 30 0 0], L_000001e0e0110160, L_000001e0dfdcb7a0;
L_000001e0dfdccec0 .functor MUXZ 32, L_000001e0e01101a8, L_000001e0dfdcbf20, L_000001e0dfdcce20, C4<>;
L_000001e0dfdcb200 .part v000001e0dfdcbfc0_0, 3, 1;
L_000001e0dfdcb2a0 .part v000001e0dfdcb160_0, 0, 29;
L_000001e0dfdcbac0 .concat [ 3 29 0 0], L_000001e0e01101f0, L_000001e0dfdcb2a0;
L_000001e0dfdcc920 .functor MUXZ 32, L_000001e0e0110238, L_000001e0dfdcbac0, L_000001e0dfdcb200, C4<>;
L_000001e0dfdcc7e0 .part v000001e0dfdcbfc0_0, 4, 1;
L_000001e0dfdcb340 .part v000001e0dfdcb160_0, 0, 28;
L_000001e0dfdcb840 .concat [ 4 28 0 0], L_000001e0e0110280, L_000001e0dfdcb340;
L_000001e0dfdcbb60 .functor MUXZ 32, L_000001e0e01102c8, L_000001e0dfdcb840, L_000001e0dfdcc7e0, C4<>;
L_000001e0dfdcc100 .part v000001e0dfdcbfc0_0, 5, 1;
L_000001e0dfdcbc00 .part v000001e0dfdcb160_0, 0, 27;
L_000001e0dfdcc880 .concat [ 5 27 0 0], L_000001e0e0110310, L_000001e0dfdcbc00;
L_000001e0dfdcc9c0 .functor MUXZ 32, L_000001e0e0110358, L_000001e0dfdcc880, L_000001e0dfdcc100, C4<>;
L_000001e0e01698b0 .part v000001e0dfdcbfc0_0, 6, 1;
L_000001e0e0168e10 .part v000001e0dfdcb160_0, 0, 26;
L_000001e0e0169950 .concat [ 6 26 0 0], L_000001e0e01103a0, L_000001e0e0168e10;
L_000001e0e0169130 .functor MUXZ 32, L_000001e0e01103e8, L_000001e0e0169950, L_000001e0e01698b0, C4<>;
L_000001e0e01694f0 .part v000001e0dfdcbfc0_0, 7, 1;
L_000001e0e0169590 .part v000001e0dfdcb160_0, 0, 25;
L_000001e0e01699f0 .concat [ 7 25 0 0], L_000001e0e0110430, L_000001e0e0169590;
L_000001e0e01684b0 .functor MUXZ 32, L_000001e0e0110478, L_000001e0e01699f0, L_000001e0e01694f0, C4<>;
L_000001e0e0168d70 .part v000001e0dfdcbfc0_0, 8, 1;
L_000001e0e0168550 .part v000001e0dfdcb160_0, 0, 24;
L_000001e0e0168730 .concat [ 8 24 0 0], L_000001e0e01104c0, L_000001e0e0168550;
L_000001e0e0169630 .functor MUXZ 32, L_000001e0e0110508, L_000001e0e0168730, L_000001e0e0168d70, C4<>;
L_000001e0e0168cd0 .part v000001e0dfdcbfc0_0, 9, 1;
L_000001e0e01691d0 .part v000001e0dfdcb160_0, 0, 23;
L_000001e0e0169270 .concat [ 9 23 0 0], L_000001e0e0110550, L_000001e0e01691d0;
L_000001e0e0168b90 .functor MUXZ 32, L_000001e0e0110598, L_000001e0e0169270, L_000001e0e0168cd0, C4<>;
L_000001e0e01696d0 .part v000001e0dfdcbfc0_0, 10, 1;
L_000001e0e0169770 .part v000001e0dfdcb160_0, 0, 22;
L_000001e0e0168f50 .concat [ 10 22 0 0], L_000001e0e01105e0, L_000001e0e0169770;
L_000001e0e01693b0 .functor MUXZ 32, L_000001e0e0110628, L_000001e0e0168f50, L_000001e0e01696d0, C4<>;
L_000001e0e0168af0 .part v000001e0dfdcbfc0_0, 11, 1;
L_000001e0e0169310 .part v000001e0dfdcb160_0, 0, 21;
L_000001e0e01682d0 .concat [ 11 21 0 0], L_000001e0e0110670, L_000001e0e0169310;
L_000001e0e0168ff0 .functor MUXZ 32, L_000001e0e01106b8, L_000001e0e01682d0, L_000001e0e0168af0, C4<>;
L_000001e0e0169a90 .part v000001e0dfdcbfc0_0, 12, 1;
L_000001e0e0169810 .part v000001e0dfdcb160_0, 0, 20;
L_000001e0e0169450 .concat [ 12 20 0 0], L_000001e0e0110700, L_000001e0e0169810;
L_000001e0e01685f0 .functor MUXZ 32, L_000001e0e0110748, L_000001e0e0169450, L_000001e0e0169a90, C4<>;
L_000001e0e0169d10 .part v000001e0dfdcbfc0_0, 13, 1;
L_000001e0e0169b30 .part v000001e0dfdcb160_0, 0, 19;
L_000001e0e0168910 .concat [ 13 19 0 0], L_000001e0e0110790, L_000001e0e0169b30;
L_000001e0e0168190 .functor MUXZ 32, L_000001e0e01107d8, L_000001e0e0168910, L_000001e0e0169d10, C4<>;
L_000001e0e0168690 .part v000001e0dfdcbfc0_0, 14, 1;
L_000001e0e0169bd0 .part v000001e0dfdcb160_0, 0, 18;
L_000001e0e01687d0 .concat [ 14 18 0 0], L_000001e0e0110820, L_000001e0e0169bd0;
L_000001e0e0169ef0 .functor MUXZ 32, L_000001e0e0110868, L_000001e0e01687d0, L_000001e0e0168690, C4<>;
L_000001e0e01689b0 .part v000001e0dfdcbfc0_0, 15, 1;
L_000001e0e0168eb0 .part v000001e0dfdcb160_0, 0, 17;
L_000001e0e0169c70 .concat [ 15 17 0 0], L_000001e0e01108b0, L_000001e0e0168eb0;
L_000001e0e0168230 .functor MUXZ 32, L_000001e0e01108f8, L_000001e0e0169c70, L_000001e0e01689b0, C4<>;
L_000001e0e0169090 .part v000001e0dfdcbfc0_0, 16, 1;
L_000001e0e01680f0 .part v000001e0dfdcb160_0, 0, 16;
L_000001e0e0168370 .concat [ 16 16 0 0], L_000001e0e0110940, L_000001e0e01680f0;
L_000001e0e0169db0 .functor MUXZ 32, L_000001e0e0110988, L_000001e0e0168370, L_000001e0e0169090, C4<>;
L_000001e0e0168410 .part v000001e0dfdcbfc0_0, 17, 1;
L_000001e0e0168870 .part v000001e0dfdcb160_0, 0, 15;
L_000001e0e0169e50 .concat [ 17 15 0 0], L_000001e0e01109d0, L_000001e0e0168870;
L_000001e0e0169f90 .functor MUXZ 32, L_000001e0e0110a18, L_000001e0e0169e50, L_000001e0e0168410, C4<>;
L_000001e0e0168a50 .part v000001e0dfdcbfc0_0, 18, 1;
L_000001e0e0168c30 .part v000001e0dfdcb160_0, 0, 14;
L_000001e0e016aa30 .concat [ 18 14 0 0], L_000001e0e0110a60, L_000001e0e0168c30;
L_000001e0e016c830 .functor MUXZ 32, L_000001e0e0110aa8, L_000001e0e016aa30, L_000001e0e0168a50, C4<>;
L_000001e0e016aad0 .part v000001e0dfdcbfc0_0, 19, 1;
L_000001e0e016b250 .part v000001e0dfdcb160_0, 0, 13;
L_000001e0e016b930 .concat [ 19 13 0 0], L_000001e0e0110af0, L_000001e0e016b250;
L_000001e0e016ad50 .functor MUXZ 32, L_000001e0e0110b38, L_000001e0e016b930, L_000001e0e016aad0, C4<>;
L_000001e0e016b070 .part v000001e0dfdcbfc0_0, 20, 1;
L_000001e0e016c510 .part v000001e0dfdcb160_0, 0, 12;
L_000001e0e016af30 .concat [ 20 12 0 0], L_000001e0e0110b80, L_000001e0e016c510;
L_000001e0e016afd0 .functor MUXZ 32, L_000001e0e0110bc8, L_000001e0e016af30, L_000001e0e016b070, C4<>;
L_000001e0e016b110 .part v000001e0dfdcbfc0_0, 21, 1;
L_000001e0e016adf0 .part v000001e0dfdcb160_0, 0, 11;
L_000001e0e016bf70 .concat [ 21 11 0 0], L_000001e0e0110c10, L_000001e0e016adf0;
L_000001e0e016c150 .functor MUXZ 32, L_000001e0e0110c58, L_000001e0e016bf70, L_000001e0e016b110, C4<>;
L_000001e0e016b570 .part v000001e0dfdcbfc0_0, 22, 1;
L_000001e0e016ab70 .part v000001e0dfdcb160_0, 0, 10;
L_000001e0e016b1b0 .concat [ 22 10 0 0], L_000001e0e0110ca0, L_000001e0e016ab70;
L_000001e0e016be30 .functor MUXZ 32, L_000001e0e0110ce8, L_000001e0e016b1b0, L_000001e0e016b570, C4<>;
L_000001e0e016c470 .part v000001e0dfdcbfc0_0, 23, 1;
L_000001e0e016b2f0 .part v000001e0dfdcb160_0, 0, 9;
L_000001e0e016a530 .concat [ 23 9 0 0], L_000001e0e0110d30, L_000001e0e016b2f0;
L_000001e0e016cb50 .functor MUXZ 32, L_000001e0e0110d78, L_000001e0e016a530, L_000001e0e016c470, C4<>;
L_000001e0e016cab0 .part v000001e0dfdcbfc0_0, 24, 1;
L_000001e0e016b390 .part v000001e0dfdcb160_0, 0, 8;
L_000001e0e016c010 .concat [ 24 8 0 0], L_000001e0e0110dc0, L_000001e0e016b390;
L_000001e0e016ac10 .functor MUXZ 32, L_000001e0e0110e08, L_000001e0e016c010, L_000001e0e016cab0, C4<>;
L_000001e0e016bed0 .part v000001e0dfdcbfc0_0, 25, 1;
L_000001e0e016b430 .part v000001e0dfdcb160_0, 0, 7;
L_000001e0e016ba70 .concat [ 25 7 0 0], L_000001e0e0110e50, L_000001e0e016b430;
L_000001e0e016c0b0 .functor MUXZ 32, L_000001e0e0110e98, L_000001e0e016ba70, L_000001e0e016bed0, C4<>;
L_000001e0e016bbb0 .part v000001e0dfdcbfc0_0, 26, 1;
L_000001e0e016b4d0 .part v000001e0dfdcb160_0, 0, 6;
L_000001e0e016c1f0 .concat [ 26 6 0 0], L_000001e0e0110ee0, L_000001e0e016b4d0;
L_000001e0e016acb0 .functor MUXZ 32, L_000001e0e0110f28, L_000001e0e016c1f0, L_000001e0e016bbb0, C4<>;
L_000001e0e016b610 .part v000001e0dfdcbfc0_0, 27, 1;
L_000001e0e016c5b0 .part v000001e0dfdcb160_0, 0, 5;
L_000001e0e016bc50 .concat [ 27 5 0 0], L_000001e0e0110f70, L_000001e0e016c5b0;
L_000001e0e016c650 .functor MUXZ 32, L_000001e0e0110fb8, L_000001e0e016bc50, L_000001e0e016b610, C4<>;
L_000001e0e016bb10 .part v000001e0dfdcbfc0_0, 28, 1;
L_000001e0e016c8d0 .part v000001e0dfdcb160_0, 0, 4;
L_000001e0e016c290 .concat [ 28 4 0 0], L_000001e0e0111000, L_000001e0e016c8d0;
L_000001e0e016b6b0 .functor MUXZ 32, L_000001e0e0111048, L_000001e0e016c290, L_000001e0e016bb10, C4<>;
L_000001e0e016b750 .part v000001e0dfdcbfc0_0, 29, 1;
L_000001e0e016c790 .part v000001e0dfdcb160_0, 0, 3;
L_000001e0e016b9d0 .concat [ 29 3 0 0], L_000001e0e0111090, L_000001e0e016c790;
L_000001e0e016ae90 .functor MUXZ 32, L_000001e0e01110d8, L_000001e0e016b9d0, L_000001e0e016b750, C4<>;
L_000001e0e016b7f0 .part v000001e0dfdcbfc0_0, 30, 1;
L_000001e0e016a850 .part v000001e0dfdcb160_0, 0, 2;
L_000001e0e016c6f0 .concat [ 30 2 0 0], L_000001e0e0111120, L_000001e0e016a850;
L_000001e0e016b890 .functor MUXZ 32, L_000001e0e0111168, L_000001e0e016c6f0, L_000001e0e016b7f0, C4<>;
L_000001e0e016bd90 .part v000001e0dfdcbfc0_0, 31, 1;
L_000001e0e016c330 .part v000001e0dfdcb160_0, 0, 1;
L_000001e0e016bcf0 .concat [ 31 1 0 0], L_000001e0e01111b0, L_000001e0e016c330;
L_000001e0e016c3d0 .functor MUXZ 32, L_000001e0e01111f8, L_000001e0e016bcf0, L_000001e0e016bd90, C4<>;
    .scope S_000001e0dfd676f0;
T_0 ;
    %wait E_000001e0dfd618d0;
    %load/vec4 v000001e0dfdccce0_0;
    %nor/r;
    %flag_set/vec4 8;
    %jmp/0xz  T_0.0, 8;
    %pushi/vec4 0, 0, 64;
    %assign/vec4 v000001e0dfdcc4c0_0, 0;
    %jmp T_0.1;
T_0.0 ;
    %load/vec4 v000001e0dfdc9fb0_0;
    %pad/u 64;
    %load/vec4 v000001e0dfdcab90_0;
    %pad/u 64;
    %add;
    %load/vec4 v000001e0dfdc9c90_0;
    %pad/u 64;
    %add;
    %load/vec4 v000001e0dfdcbca0_0;
    %pad/u 64;
    %add;
    %load/vec4 v000001e0dfdcb0c0_0;
    %pad/u 64;
    %add;
    %load/vec4 v000001e0dfdcca60_0;
    %pad/u 64;
    %add;
    %load/vec4 v000001e0dfdcb8e0_0;
    %pad/u 64;
    %add;
    %load/vec4 v000001e0dfdcc380_0;
    %pad/u 64;
    %add;
    %load/vec4 v000001e0dfdcb980_0;
    %pad/u 64;
    %add;
    %load/vec4 v000001e0dfdcc420_0;
    %pad/u 64;
    %add;
    %load/vec4 v000001e0dfdcac30_0;
    %pad/u 64;
    %add;
    %load/vec4 v000001e0dfdca410_0;
    %pad/u 64;
    %add;
    %load/vec4 v000001e0dfdc9b50_0;
    %pad/u 64;
    %add;
    %load/vec4 v000001e0dfdca5f0_0;
    %pad/u 64;
    %add;
    %load/vec4 v000001e0dfdc91f0_0;
    %pad/u 64;
    %add;
    %load/vec4 v000001e0dfdc9290_0;
    %pad/u 64;
    %add;
    %load/vec4 v000001e0dfdca550_0;
    %pad/u 64;
    %add;
    %load/vec4 v000001e0dfdca7d0_0;
    %pad/u 64;
    %add;
    %load/vec4 v000001e0dfdcacd0_0;
    %pad/u 64;
    %add;
    %load/vec4 v000001e0dfdcae10_0;
    %pad/u 64;
    %add;
    %load/vec4 v000001e0dfdcad70_0;
    %pad/u 64;
    %add;
    %load/vec4 v000001e0dfdc9d30_0;
    %pad/u 64;
    %add;
    %load/vec4 v000001e0dfdca870_0;
    %pad/u 64;
    %add;
    %load/vec4 v000001e0dfdca910_0;
    %pad/u 64;
    %add;
    %load/vec4 v000001e0dfdc9dd0_0;
    %pad/u 64;
    %add;
    %load/vec4 v000001e0dfdcaeb0_0;
    %pad/u 64;
    %add;
    %load/vec4 v000001e0dfdcaf50_0;
    %pad/u 64;
    %add;
    %load/vec4 v000001e0dfdc9330_0;
    %pad/u 64;
    %add;
    %load/vec4 v000001e0dfdc9470_0;
    %pad/u 64;
    %add;
    %load/vec4 v000001e0dfdcc060_0;
    %pad/u 64;
    %add;
    %load/vec4 v000001e0dfdcb700_0;
    %pad/u 64;
    %add;
    %load/vec4 v000001e0dfdcb520_0;
    %pad/u 64;
    %add;
    %assign/vec4 v000001e0dfdcc4c0_0, 0;
T_0.1 ;
    %jmp T_0;
    .thread T_0;
    .scope S_000001e0dfd64ed0;
T_1 ;
    %pushi/vec4 0, 0, 32;
    %store/vec4 v000001e0dfdcba20_0, 0, 32;
    %end;
    .thread T_1;
    .scope S_000001e0dfd64ed0;
T_2 ;
    %pushi/vec4 0, 0, 1;
    %store/vec4 v000001e0dfdcb480_0, 0, 1;
T_2.0 ;
    %delay 5000, 0;
    %load/vec4 v000001e0dfdcb480_0;
    %nor/r;
    %store/vec4 v000001e0dfdcb480_0, 0, 1;
    %jmp T_2.0;
    %end;
    .thread T_2;
    .scope S_000001e0dfd64ed0;
T_3 ;
    %vpi_call 2 122 "$dumpfile", "wave.vcd" {0 0 0};
    %vpi_call 2 123 "$dumpvars", 32'sb00000000000000000000000000000000, S_000001e0dfd64ed0 {0 0 0};
    %vpi_func 2 124 "$fopen" 32, "result_v.txt", "w" {0 0 0};
    %store/vec4 v000001e0dfdcc600_0, 0, 32;
    %load/vec4 v000001e0dfdcc600_0;
    %cmpi/e 0, 0, 32;
    %jmp/0xz  T_3.0, 4;
    %vpi_call 2 126 "$display", "Error opening file." {0 0 0};
    %vpi_call 2 127 "$finish" {0 0 0};
T_3.0 ;
    %pushi/vec4 0, 0, 1;
    %store/vec4 v000001e0dfdcbde0_0, 0, 1;
    %delay 13000, 0;
    %pushi/vec4 1, 0, 1;
    %store/vec4 v000001e0dfdcbde0_0, 0, 1;
    %pushi/vec4 0, 0, 32;
    %store/vec4 v000001e0dfdcb3e0_0, 0, 32;
T_3.2 ;
    %load/vec4 v000001e0dfdcb3e0_0;
    %cmpi/s 10000, 0, 32;
    %jmp/0xz T_3.3, 5;
    %pushi/vec4 0, 0, 32;
    %store/vec4 v000001e0dfdccb00_0, 0, 32;
T_3.4 ;
    %load/vec4 v000001e0dfdccb00_0;
    %cmpi/s 10000, 0, 32;
    %jmp/0xz T_3.5, 5;
    %load/vec4 v000001e0dfdcb3e0_0;
    %store/vec4 v000001e0dfdcb160_0, 0, 32;
    %load/vec4 v000001e0dfdccb00_0;
    %store/vec4 v000001e0dfdcbfc0_0, 0, 32;
    %delay 10000, 0;
    %vpi_call 2 137 "$fdisplay", v000001e0dfdcc600_0, "%0d", v000001e0dfdcc240_0 {0 0 0};
    %load/vec4 v000001e0dfdcba20_0;
    %addi 1, 0, 32;
    %store/vec4 v000001e0dfdcba20_0, 0, 32;
    %vpi_call 2 141 "$display", "%d %d", v000001e0dfdcba20_0, v000001e0dfdcc240_0 {0 0 0};
    %load/vec4 v000001e0dfdccb00_0;
    %addi 1, 0, 32;
    %store/vec4 v000001e0dfdccb00_0, 0, 32;
    %jmp T_3.4;
T_3.5 ;
    %load/vec4 v000001e0dfdcb3e0_0;
    %addi 1, 0, 32;
    %store/vec4 v000001e0dfdcb3e0_0, 0, 32;
    %jmp T_3.2;
T_3.3 ;
    %vpi_call 2 146 "$fclose", v000001e0dfdcc600_0 {0 0 0};
    %vpi_call 2 147 "$display", "Result written to file done." {0 0 0};
    %vpi_func 2 150 "$fopen" 32, "result_v.txt", "r" {0 0 0};
    %store/vec4 v000001e0dfdcbe80_0, 0, 32;
    %vpi_func 2 151 "$fopen" 32, "result.txt", "r" {0 0 0};
    %store/vec4 v000001e0dfdccf60_0, 0, 32;
    %load/vec4 v000001e0dfdcbe80_0;
    %cmpi/e 0, 0, 32;
    %jmp/1 T_3.8, 4;
    %flag_mov 8, 4;
    %load/vec4 v000001e0dfdccf60_0;
    %cmpi/e 0, 0, 32;
    %flag_or 4, 8;
T_3.8;
    %jmp/0xz  T_3.6, 4;
    %vpi_call 2 153 "$display", "Error opening file." {0 0 0};
    %vpi_call 2 154 "$finish" {0 0 0};
T_3.6 ;
    %pushi/vec4 0, 0, 32;
    %store/vec4 v000001e0dfdccd80_0, 0, 32;
T_3.9 ;
    %vpi_func 2 158 "$feof" 32, v000001e0dfdcbe80_0 {0 0 0};
    %nor/r;
    %flag_set/vec4 9;
    %flag_get/vec4 9;
    %jmp/0 T_3.11, 9;
    %vpi_func 2 158 "$feof" 32, v000001e0dfdccf60_0 {0 0 0};
    %nor/r;
    %and;
T_3.11;
    %flag_set/vec4 8;
    %jmp/0xz T_3.10, 8;
    %vpi_func 2 159 "$fgets" 32, v000001e0dfdcb5c0_0, v000001e0dfdcbe80_0 {0 0 0};
    %store/vec4 v000001e0dfdcc2e0_0, 0, 32;
    %vpi_func 2 160 "$fgets" 32, v000001e0dfdcbd40_0, v000001e0dfdccf60_0 {0 0 0};
    %store/vec4 v000001e0dfdcc6a0_0, 0, 32;
    %load/vec4 v000001e0dfdcb5c0_0;
    %load/vec4 v000001e0dfdcbd40_0;
    %cmp/ne;
    %jmp/0xz  T_3.12, 6;
    %vpi_call 2 163 "$display", "Files are different." {0 0 0};
    %pushi/vec4 1, 0, 32;
    %store/vec4 v000001e0dfdccd80_0, 0, 32;
    %vpi_call 2 165 "$finish" {0 0 0};
T_3.12 ;
    %jmp T_3.9;
T_3.10 ;
    %vpi_func 2 169 "$feof" 32, v000001e0dfdcbe80_0 {0 0 0};
    %nor/r;
    %flag_set/vec4 8;
    %jmp/1 T_3.16, 8;
    %vpi_func 2 169 "$feof" 32, v000001e0dfdccf60_0 {0 0 0};
    %nor/r;
    %flag_set/vec4 9;
    %flag_or 8, 9;
T_3.16;
    %jmp/0xz  T_3.14, 8;
    %vpi_call 2 170 "$display", "Bitwise Multiplier is WRONG." {0 0 0};
    %pushi/vec4 1, 0, 32;
    %store/vec4 v000001e0dfdccd80_0, 0, 32;
T_3.14 ;
    %load/vec4 v000001e0dfdccd80_0;
    %cmpi/e 0, 0, 32;
    %jmp/0xz  T_3.17, 4;
    %vpi_call 2 175 "$display", "Bitwise Multiplier is CORRECT." {0 0 0};
T_3.17 ;
    %vpi_call 2 179 "$fclose", v000001e0dfdcbe80_0 {0 0 0};
    %vpi_call 2 180 "$fclose", v000001e0dfdccf60_0 {0 0 0};
    %vpi_call 2 182 "$finish" {0 0 0};
    %end;
    .thread T_3;
# The file index is used to find the file name in the following table.
:file_names 3;
    "N/A";
    "<interactive>";
    "bitwise_multiply.v";
